<?xml version="1.0" encoding="UTF-8"?>
<!-- Generated by org.testng.reporters.JUnitXMLReporter -->
<testsuite ignored="0" hostname="DESKTOP-HMKMG6M" failures="2" tests="2" name="LambdaTest_Selenium_Cetification" time="22.618" errors="0" timestamp="2024-09-18T21:10:24 IST">
  <testcase classname="testcases.TestScenarioOne" name="scenarioOne_SimpleFormDemo" time="0.051">
    <failure type="java.lang.AssertionError" message="null">
      <![CDATA[java.lang.AssertionError: null
at testcases.TestScenarioOne.scenarioOne_SimpleFormDemo(TestScenarioOne.java:29)
at java.base/java.util.ArrayList.forEach(ArrayList.java:1511)
... Removed 29 stack frames]]>
    </failure>
  </testcase> <!-- scenarioOne_SimpleFormDemo -->
  <testcase classname="testcases.TestScenarioOne" name="scenarioOne_SimpleFormDemo" time="22.578">
    <failure type="java.lang.NullPointerException" message="Cannot invoke &amp;quot;org.openqa.selenium.TakesScreenshot.getScreenshotAs(org.openqa.selenium.OutputType)&amp;quot; because &amp;quot;this.driver&amp;quot; is null">
      <![CDATA[java.lang.NullPointerException: Cannot invoke "org.openqa.selenium.TakesScreenshot.getScreenshotAs(org.openqa.selenium.OutputType)" because "this.driver" is null
at listeners.MyTestListener.onTestFailure(MyTestListener.java:52)
at java.base/java.util.ArrayList.forEach(ArrayList.java:1511)
... Removed 24 stack frames]]>
    </failure>
  </testcase> <!-- scenarioOne_SimpleFormDemo -->
</testsuite> <!-- LambdaTest_Selenium_Cetification -->
