<?xml version="1.0" encoding="UTF-8"?>
<testng-results ignored="0" total="3" passed="3" failed="0" skipped="0">
  <reporter-output>
  </reporter-output>
  <suite started-at="2024-09-19T20:54:25 IST" name="LambdaTestSuite_Certification" finished-at="2024-09-19T20:56:50 IST" duration-ms="145166">
    <groups>
    </groups>
    <test started-at="2024-09-19T20:54:25 IST" name="LambdaTest_Selenium_Cetification_Sc1" finished-at="2024-09-19T20:54:40 IST" duration-ms="14935">
      <class name="testcases.TestScenarioOne">
        <test-method is-config="true" signature="setup()[pri:0, instance:testcases.TestScenarioOne@1fb669c3]" started-at="2024-09-19T20:54:25 IST" name="setup" finished-at="2024-09-19T20:54:37 IST" duration-ms="12322" status="PASS">
          <reporter-output>
          </reporter-output>
        </test-method> <!-- setup -->
        <test-method signature="scenarioOne_SimpleFormDemo()[pri:0, instance:testcases.TestScenarioOne@1fb669c3]" started-at="2024-09-19T20:54:37 IST" name="scenarioOne_SimpleFormDemo" finished-at="2024-09-19T20:54:39 IST" duration-ms="1529" status="PASS">
          <reporter-output>
          </reporter-output>
        </test-method> <!-- scenarioOne_SimpleFormDemo -->
        <test-method is-config="true" signature="teardown()[pri:0, instance:testcases.TestScenarioOne@1fb669c3]" started-at="2024-09-19T20:54:39 IST" name="teardown" finished-at="2024-09-19T20:54:40 IST" duration-ms="1013" status="PASS">
          <reporter-output>
          </reporter-output>
        </test-method> <!-- teardown -->
      </class> <!-- testcases.TestScenarioOne -->
    </test> <!-- LambdaTest_Selenium_Cetification_Sc1 -->
    <test started-at="2024-09-19T20:54:41 IST" name="LambdaTest_Selenium_Cetification_Sc2" finished-at="2024-09-19T20:55:07 IST" duration-ms="26499">
      <class name="testcases.TestScenarioTwo">
        <test-method is-config="true" signature="setup()[pri:0, instance:testcases.TestScenarioTwo@484094a5]" started-at="2024-09-19T20:54:41 IST" name="setup" finished-at="2024-09-19T20:54:58 IST" duration-ms="16738" status="PASS">
          <reporter-output>
          </reporter-output>
        </test-method> <!-- setup -->
        <test-method signature="scenarioTwo_Sliderto_95()[pri:0, instance:testcases.TestScenarioTwo@484094a5]" started-at="2024-09-19T20:54:58 IST" name="scenarioTwo_Sliderto_95" finished-at="2024-09-19T20:55:06 IST" duration-ms="8424" status="PASS">
          <reporter-output>
          </reporter-output>
        </test-method> <!-- scenarioTwo_Sliderto_95 -->
        <test-method is-config="true" signature="teardown()[pri:0, instance:testcases.TestScenarioTwo@484094a5]" started-at="2024-09-19T20:55:06 IST" name="teardown" finished-at="2024-09-19T20:55:07 IST" duration-ms="1322" status="PASS">
          <reporter-output>
          </reporter-output>
        </test-method> <!-- teardown -->
      </class> <!-- testcases.TestScenarioTwo -->
    </test> <!-- LambdaTest_Selenium_Cetification_Sc2 -->
    <test started-at="2024-09-19T20:55:07 IST" name="LambdaTest_Selenium_Cetification_sc3" finished-at="2024-09-19T20:56:50 IST" duration-ms="102798">
      <class name="testcases.TestScenarioThree">
        <test-method is-config="true" signature="setup()[pri:0, instance:testcases.TestScenarioThree@34c01041]" started-at="2024-09-19T20:55:07 IST" name="setup" finished-at="2024-09-19T20:55:25 IST" duration-ms="17746" status="PASS">
          <reporter-output>
          </reporter-output>
        </test-method> <!-- setup -->
        <test-method signature="scenarioThree_InputFormSubmit()[pri:0, instance:testcases.TestScenarioThree@34c01041]" started-at="2024-09-19T20:55:25 IST" name="scenarioThree_InputFormSubmit" finished-at="2024-09-19T20:55:45 IST" duration-ms="19935" status="PASS">
          <reporter-output>
          </reporter-output>
        </test-method> <!-- scenarioThree_InputFormSubmit -->
        <test-method is-config="true" signature="teardown()[pri:0, instance:testcases.TestScenarioThree@34c01041]" started-at="2024-09-19T20:55:45 IST" name="teardown" finished-at="2024-09-19T20:56:50 IST" duration-ms="65103" status="PASS">
          <reporter-output>
          </reporter-output>
        </test-method> <!-- teardown -->
      </class> <!-- testcases.TestScenarioThree -->
    </test> <!-- LambdaTest_Selenium_Cetification_sc3 -->
  </suite> <!-- LambdaTestSuite_Certification -->
</testng-results>
